<?xml version="1.0" encoding="UTF-8"?>
<!-- Generated by org.testng.reporters.JUnitReportReporter -->
<testsuite skipped="0" hostname="RC-PC" name="org.greensTech.login.NewTest" tests="1" failures="0" timestamp="19 Apr 2018 14:27:49 GMT" time="0.012" errors="0">
  <testcase name="Test" time="0.012" classname="org.greensTech.login.NewTest"/>
</testsuite> <!-- org.greensTech.login.NewTest -->
