<?xml version="1.0" encoding="UTF-8"?>
<!-- Generated by org.testng.reporters.JUnitReportReporter -->
<testsuite skipped="0" hostname="RC-PC" name="org.greensTech.login.Testng" tests="1" failures="0" timestamp="19 Apr 2018 17:11:32 GMT" time="0.013" errors="0">
  <testcase name="Test" time="0.013" classname="org.greensTech.login.Testng"/>
</testsuite> <!-- org.greensTech.login.Testng -->
