<?xml version="1.0" encoding="UTF-8"?>
<!-- Generated by org.testng.reporters.JUnitReportReporter -->
<testsuite skipped="0" hostname="RC-PC" name="org.cgi.TestCase2" tests="4" failures="0" timestamp="01 Jan 2009 08:04:16 GMT" time="0.030" errors="0">
  <testcase name="test7" time="0.003" classname="org.cgi.TestCase2"/>
  <testcase name="test5" time="0.019" classname="org.cgi.TestCase2"/>
  <testcase name="test8" time="0.005" classname="org.cgi.TestCase2"/>
  <testcase name="test6" time="0.003" classname="org.cgi.TestCase2"/>
</testsuite> <!-- org.cgi.TestCase2 -->
