<?xml version="1.0" encoding="UTF-8"?>
<!-- Generated by org.testng.reporters.JUnitReportReporter -->
<testsuite skipped="0" hostname="RC-PC" name="org.cgi.TestCase5" tests="100" failures="0" timestamp="01 Jan 2009 08:04:16 GMT" time="0.285" errors="0">
  <testcase name="Test8" time="0.004" classname="org.cgi.TestCase5"/>
  <testcase name="Test8" time="0.002" classname="org.cgi.TestCase5"/>
  <testcase name="Test8" time="0.002" classname="org.cgi.TestCase5"/>
  <testcase name="Test8" time="0.001" classname="org.cgi.TestCase5"/>
  <testcase name="Test8" time="0.003" classname="org.cgi.TestCase5"/>
  <testcase name="Test8" time="0.002" classname="org.cgi.TestCase5"/>
  <testcase name="Test8" time="0.001" classname="org.cgi.TestCase5"/>
  <testcase name="Test8" time="0.007" classname="org.cgi.TestCase5"/>
  <testcase name="Test8" time="0.006" classname="org.cgi.TestCase5"/>
  <testcase name="Test8" time="0.002" classname="org.cgi.TestCase5"/>
  <testcase name="Test8" time="0.002" classname="org.cgi.TestCase5"/>
  <testcase name="Test8" time="0.008" classname="org.cgi.TestCase5"/>
  <testcase name="Test8" time="0.002" classname="org.cgi.TestCase5"/>
  <testcase name="Test8" time="0.002" classname="org.cgi.TestCase5"/>
  <testcase name="Test8" time="0.001" classname="org.cgi.TestCase5"/>
  <testcase name="Test8" time="0.002" classname="org.cgi.TestCase5"/>
  <testcase name="Test8" time="0.010" classname="org.cgi.TestCase5"/>
  <testcase name="Test8" time="0.003" classname="org.cgi.TestCase5"/>
  <testcase name="Test8" time="0.005" classname="org.cgi.TestCase5"/>
  <testcase name="Test8" time="0.000" classname="org.cgi.TestCase5"/>
  <testcase name="Test8" time="0.003" classname="org.cgi.TestCase5"/>
  <testcase name="Test8" time="0.002" classname="org.cgi.TestCase5"/>
  <testcase name="Test8" time="0.004" classname="org.cgi.TestCase5"/>
  <testcase name="Test8" time="0.003" classname="org.cgi.TestCase5"/>
  <testcase name="Test8" time="0.000" classname="org.cgi.TestCase5"/>
  <testcase name="Test8" time="0.002" classname="org.cgi.TestCase5"/>
  <testcase name="Test8" time="0.001" classname="org.cgi.TestCase5"/>
  <testcase name="Test8" time="0.002" classname="org.cgi.TestCase5"/>
  <testcase name="Test8" time="0.002" classname="org.cgi.TestCase5"/>
  <testcase name="Test8" time="0.001" classname="org.cgi.TestCase5"/>
  <testcase name="Test8" time="0.001" classname="org.cgi.TestCase5"/>
  <testcase name="Test8" time="0.002" classname="org.cgi.TestCase5"/>
  <testcase name="Test8" time="0.006" classname="org.cgi.TestCase5"/>
  <testcase name="Test8" time="0.002" classname="org.cgi.TestCase5"/>
  <testcase name="Test8" time="0.001" classname="org.cgi.TestCase5"/>
  <testcase name="Test8" time="0.002" classname="org.cgi.TestCase5"/>
  <testcase name="Test8" time="0.002" classname="org.cgi.TestCase5"/>
  <testcase name="Test8" time="0.001" classname="org.cgi.TestCase5"/>
  <testcase name="Test8" time="0.002" classname="org.cgi.TestCase5"/>
  <testcase name="Test8" time="0.001" classname="org.cgi.TestCase5"/>
  <testcase name="Test8" time="0.001" classname="org.cgi.TestCase5"/>
  <testcase name="Test8" time="0.001" classname="org.cgi.TestCase5"/>
  <testcase name="Test8" time="0.006" classname="org.cgi.TestCase5"/>
  <testcase name="Test8" time="0.004" classname="org.cgi.TestCase5"/>
  <testcase name="Test8" time="0.001" classname="org.cgi.TestCase5"/>
  <testcase name="Test8" time="0.001" classname="org.cgi.TestCase5"/>
  <testcase name="Test8" time="0.001" classname="org.cgi.TestCase5"/>
  <testcase name="Test8" time="0.001" classname="org.cgi.TestCase5"/>
  <testcase name="Test8" time="0.001" classname="org.cgi.TestCase5"/>
  <testcase name="Test8" time="0.003" classname="org.cgi.TestCase5"/>
  <testcase name="Test8" time="0.003" classname="org.cgi.TestCase5"/>
  <testcase name="Test8" time="0.001" classname="org.cgi.TestCase5"/>
  <testcase name="Test8" time="0.002" classname="org.cgi.TestCase5"/>
  <testcase name="Test8" time="0.002" classname="org.cgi.TestCase5"/>
  <testcase name="Test8" time="0.001" classname="org.cgi.TestCase5"/>
  <testcase name="Test8" time="0.002" classname="org.cgi.TestCase5"/>
  <testcase name="Test8" time="0.001" classname="org.cgi.TestCase5"/>
  <testcase name="Test8" time="0.001" classname="org.cgi.TestCase5"/>
  <testcase name="Test8" time="0.002" classname="org.cgi.TestCase5"/>
  <testcase name="Test8" time="0.002" classname="org.cgi.TestCase5"/>
  <testcase name="Test8" time="0.001" classname="org.cgi.TestCase5"/>
  <testcase name="Test8" time="0.001" classname="org.cgi.TestCase5"/>
  <testcase name="Test8" time="0.002" classname="org.cgi.TestCase5"/>
  <testcase name="Test8" time="0.002" classname="org.cgi.TestCase5"/>
  <testcase name="Test8" time="0.016" classname="org.cgi.TestCase5"/>
  <testcase name="Test8" time="0.001" classname="org.cgi.TestCase5"/>
  <testcase name="Test8" time="0.002" classname="org.cgi.TestCase5"/>
  <testcase name="Test8" time="0.002" classname="org.cgi.TestCase5"/>
  <testcase name="Test8" time="0.003" classname="org.cgi.TestCase5"/>
  <testcase name="Test8" time="0.013" classname="org.cgi.TestCase5"/>
  <testcase name="Test8" time="0.004" classname="org.cgi.TestCase5"/>
  <testcase name="Test8" time="0.002" classname="org.cgi.TestCase5"/>
  <testcase name="Test8" time="0.001" classname="org.cgi.TestCase5"/>
  <testcase name="Test8" time="0.001" classname="org.cgi.TestCase5"/>
  <testcase name="Test8" time="0.002" classname="org.cgi.TestCase5"/>
  <testcase name="Test8" time="0.001" classname="org.cgi.TestCase5"/>
  <testcase name="Test8" time="0.002" classname="org.cgi.TestCase5"/>
  <testcase name="Test8" time="0.001" classname="org.cgi.TestCase5"/>
  <testcase name="Test8" time="0.001" classname="org.cgi.TestCase5"/>
  <testcase name="Test8" time="0.002" classname="org.cgi.TestCase5"/>
  <testcase name="Test8" time="0.003" classname="org.cgi.TestCase5"/>
  <testcase name="Test8" time="0.003" classname="org.cgi.TestCase5"/>
  <testcase name="Test8" time="0.002" classname="org.cgi.TestCase5"/>
  <testcase name="Test8" time="0.000" classname="org.cgi.TestCase5"/>
  <testcase name="Test8" time="0.001" classname="org.cgi.TestCase5"/>
  <testcase name="Test8" time="0.003" classname="org.cgi.TestCase5"/>
  <testcase name="Test8" time="0.003" classname="org.cgi.TestCase5"/>
  <testcase name="Test8" time="0.001" classname="org.cgi.TestCase5"/>
  <testcase name="Test8" time="0.003" classname="org.cgi.TestCase5"/>
  <testcase name="Test8" time="0.002" classname="org.cgi.TestCase5"/>
  <testcase name="Test8" time="0.001" classname="org.cgi.TestCase5"/>
  <testcase name="Test8" time="0.001" classname="org.cgi.TestCase5"/>
  <testcase name="Test8" time="0.002" classname="org.cgi.TestCase5"/>
  <testcase name="Test8" time="0.001" classname="org.cgi.TestCase5"/>
  <testcase name="Test8" time="0.002" classname="org.cgi.TestCase5"/>
  <testcase name="Test8" time="0.047" classname="org.cgi.TestCase5"/>
  <testcase name="Test8" time="0.002" classname="org.cgi.TestCase5"/>
  <testcase name="Test8" time="0.003" classname="org.cgi.TestCase5"/>
  <testcase name="Test8" time="0.001" classname="org.cgi.TestCase5"/>
  <testcase name="Test8" time="0.002" classname="org.cgi.TestCase5"/>
</testsuite> <!-- org.cgi.TestCase5 -->
