<?xml version="1.0" encoding="UTF-8"?>
<!-- Generated by org.testng.reporters.JUnitReportReporter -->
<testsuite skipped="0" hostname="RC-PC" name="org.cgi.TestCase" tests="3" failures="0" timestamp="01 Jan 2009 08:04:16 GMT" time="0.006" errors="0">
  <testcase name="test3" time="0.002" classname="org.cgi.TestCase"/>
  <testcase name="test2" time="0.002" classname="org.cgi.TestCase"/>
  <testcase name="test1" time="0.002" classname="org.cgi.TestCase"/>
</testsuite> <!-- org.cgi.TestCase -->
