<?xml version="1.0" encoding="UTF-8"?>
<!-- Generated by org.testng.reporters.JUnitReportReporter -->
<testsuite skipped="0" hostname="RC-PC" name="org.cgi.TestCase1" tests="1" failures="0" timestamp="01 May 2018 16:33:29 GMT" time="0.057" errors="0">
  <testcase name="test5" time="0.057" classname="org.cgi.TestCase1"/>
</testsuite> <!-- org.cgi.TestCase1 -->
