<?xml version="1.0" encoding="UTF-8"?>
<!-- Generated by org.testng.reporters.JUnitReportReporter -->
<testsuite skipped="0" hostname="RC-PC" name="org.cgi.TestCase4" tests="4" failures="0" timestamp="01 Jan 2009 08:04:16 GMT" time="0.015" errors="0">
  <testcase name="test6" time="0.003" classname="org.cgi.TestCase4"/>
  <testcase name="test5" time="0.003" classname="org.cgi.TestCase4"/>
  <testcase name="test8" time="0.002" classname="org.cgi.TestCase4"/>
  <testcase name="test7" time="0.007" classname="org.cgi.TestCase4"/>
</testsuite> <!-- org.cgi.TestCase4 -->
