<?xml version="1.0" encoding="UTF-8"?>
<!-- Generated by org.testng.reporters.JUnitReportReporter -->
<testsuite skipped="0" hostname="RC-PC" name="org.cgi.TestCase8" tests="10" failures="0" timestamp="01 Jan 2009 08:04:16 GMT" time="0.016" errors="0">
  <testcase name="test1" time="0.001" classname="org.cgi.TestCase8"/>
  <testcase name="test1" time="0.002" classname="org.cgi.TestCase8"/>
  <testcase name="test1" time="0.002" classname="org.cgi.TestCase8"/>
  <testcase name="test1" time="0.002" classname="org.cgi.TestCase8"/>
  <testcase name="test1" time="0.001" classname="org.cgi.TestCase8"/>
  <testcase name="test1" time="0.002" classname="org.cgi.TestCase8"/>
  <testcase name="test1" time="0.002" classname="org.cgi.TestCase8"/>
  <testcase name="test1" time="0.002" classname="org.cgi.TestCase8"/>
  <testcase name="test1" time="0.001" classname="org.cgi.TestCase8"/>
  <testcase name="test1" time="0.001" classname="org.cgi.TestCase8"/>
</testsuite> <!-- org.cgi.TestCase8 -->
